-- The C compiler identification is GNU 9.5.0
-- The CXX compiler identification is GNU 9.5.0
-- Detecting C compiler ABI info
-- Detecting C compiler ABI info - done
-- Check for working C compiler: /usr/local/cuda-12.5/bin/gcc - skipped
-- Detecting C compile features
-- Detecting C compile features - done
-- Detecting CXX compiler ABI info
-- Detecting CXX compiler ABI info - done
-- Check for working CXX compiler: /usr/bin/c++ - skipped
-- Detecting CXX compile features
-- Detecting CXX compile features - done
-- Found ament_cmake: 1.3.10 (/opt/ros/humble/share/ament_cmake/cmake)
-- Found Python3: /usr/bin/python3 (found version "3.10.12") found components: Interpreter 
-- Found ament_lint_auto: 0.12.11 (/opt/ros/humble/share/ament_lint_auto/cmake)
-- Added test 'lint_cmake' to check CMake code style
-- Added test 'xmllint' to check XML markup files
-- Configuring done
-- Generating done
-- Build files have been written to: /home/nidhi/Abhiyaan/parallel_parking/build/parking
-- Install configuration: ""
-- Installing: /home/nidhi/Abhiyaan/parallel_parking/install/parking/share/ament_index/resource_index/package_run_dependencies/parking
-- Installing: /home/nidhi/Abhiyaan/parallel_parking/install/parking/share/ament_index/resource_index/parent_prefix_path/parking
-- Installing: /home/nidhi/Abhiyaan/parallel_parking/install/parking/share/parking/environment/ament_prefix_path.sh
-- Installing: /home/nidhi/Abhiyaan/parallel_parking/install/parking/share/parking/environment/ament_prefix_path.dsv
-- Installing: /home/nidhi/Abhiyaan/parallel_parking/install/parking/share/parking/environment/path.sh
-- Installing: /home/nidhi/Abhiyaan/parallel_parking/install/parking/share/parking/environment/path.dsv
-- Installing: /home/nidhi/Abhiyaan/parallel_parking/install/parking/share/parking/local_setup.bash
-- Installing: /home/nidhi/Abhiyaan/parallel_parking/install/parking/share/parking/local_setup.sh
-- Installing: /home/nidhi/Abhiyaan/parallel_parking/install/parking/share/parking/local_setup.zsh
-- Installing: /home/nidhi/Abhiyaan/parallel_parking/install/parking/share/parking/local_setup.dsv
-- Installing: /home/nidhi/Abhiyaan/parallel_parking/install/parking/share/parking/package.dsv
-- Installing: /home/nidhi/Abhiyaan/parallel_parking/install/parking/share/ament_index/resource_index/packages/parking
-- Installing: /home/nidhi/Abhiyaan/parallel_parking/install/parking/share/parking/cmake/parkingConfig.cmake
-- Installing: /home/nidhi/Abhiyaan/parallel_parking/install/parking/share/parking/cmake/parkingConfig-version.cmake
-- Installing: /home/nidhi/Abhiyaan/parallel_parking/install/parking/share/parking/package.xml
