[0.010s] Invoking command in '/home/nidhi/Abhiyaan/parallel_parking/build/parking': CMAKE_PREFIX_PATH=/opt/ros/humble /usr/bin/cmake /home/nidhi/Abhiyaan/parallel_parking/src/parking -DCMAKE_INSTALL_PREFIX=/home/nidhi/Abhiyaan/parallel_parking/install/parking
[0.082s] -- The C compiler identification is GNU 9.5.0
[0.156s] -- The CXX compiler identification is GNU 9.5.0
[0.165s] -- Detecting C compiler ABI info
[0.259s] -- Detecting C compiler ABI info - done
[0.269s] -- Check for working C compiler: /usr/local/cuda-12.5/bin/gcc - skipped
[0.269s] -- Detecting C compile features
[0.270s] -- Detecting C compile features - done
[0.274s] -- Detecting CXX compiler ABI info
[0.381s] -- Detecting CXX compiler ABI info - done
[0.392s] -- Check for working CXX compiler: /usr/bin/c++ - skipped
[0.393s] -- Detecting CXX compile features
[0.393s] -- Detecting CXX compile features - done
[0.397s] -- Found ament_cmake: 1.3.10 (/opt/ros/humble/share/ament_cmake/cmake)
[0.589s] -- Found Python3: /usr/bin/python3 (found version "3.10.12") found components: Interpreter 
[0.709s] -- Found ament_lint_auto: 0.12.11 (/opt/ros/humble/share/ament_lint_auto/cmake)
[0.800s] -- Added test 'lint_cmake' to check CMake code style
[0.801s] -- Added test 'xmllint' to check XML markup files
[0.802s] -- Configuring done
[0.805s] -- Generating done
[0.806s] -- Build files have been written to: /home/nidhi/Abhiyaan/parallel_parking/build/parking
[0.813s] Invoked command in '/home/nidhi/Abhiyaan/parallel_parking/build/parking' returned '0': CMAKE_PREFIX_PATH=/opt/ros/humble /usr/bin/cmake /home/nidhi/Abhiyaan/parallel_parking/src/parking -DCMAKE_INSTALL_PREFIX=/home/nidhi/Abhiyaan/parallel_parking/install/parking
[0.813s] Invoking command in '/home/nidhi/Abhiyaan/parallel_parking/build/parking': CMAKE_PREFIX_PATH=/opt/ros/humble /usr/bin/cmake --build /home/nidhi/Abhiyaan/parallel_parking/build/parking -- -j16 -l16
[0.865s] Invoked command in '/home/nidhi/Abhiyaan/parallel_parking/build/parking' returned '0': CMAKE_PREFIX_PATH=/opt/ros/humble /usr/bin/cmake --build /home/nidhi/Abhiyaan/parallel_parking/build/parking -- -j16 -l16
[0.910s] Invoking command in '/home/nidhi/Abhiyaan/parallel_parking/build/parking': CMAKE_PREFIX_PATH=/opt/ros/humble /usr/bin/cmake --install /home/nidhi/Abhiyaan/parallel_parking/build/parking
[0.920s] -- Install configuration: ""
[0.920s] -- Installing: /home/nidhi/Abhiyaan/parallel_parking/install/parking/share/ament_index/resource_index/package_run_dependencies/parking
[0.920s] -- Installing: /home/nidhi/Abhiyaan/parallel_parking/install/parking/share/ament_index/resource_index/parent_prefix_path/parking
[0.920s] -- Installing: /home/nidhi/Abhiyaan/parallel_parking/install/parking/share/parking/environment/ament_prefix_path.sh
[0.920s] -- Installing: /home/nidhi/Abhiyaan/parallel_parking/install/parking/share/parking/environment/ament_prefix_path.dsv
[0.920s] -- Installing: /home/nidhi/Abhiyaan/parallel_parking/install/parking/share/parking/environment/path.sh
[0.920s] -- Installing: /home/nidhi/Abhiyaan/parallel_parking/install/parking/share/parking/environment/path.dsv
[0.921s] -- Installing: /home/nidhi/Abhiyaan/parallel_parking/install/parking/share/parking/local_setup.bash
[0.921s] -- Installing: /home/nidhi/Abhiyaan/parallel_parking/install/parking/share/parking/local_setup.sh
[0.921s] -- Installing: /home/nidhi/Abhiyaan/parallel_parking/install/parking/share/parking/local_setup.zsh
[0.921s] -- Installing: /home/nidhi/Abhiyaan/parallel_parking/install/parking/share/parking/local_setup.dsv
[0.921s] -- Installing: /home/nidhi/Abhiyaan/parallel_parking/install/parking/share/parking/package.dsv
[0.921s] -- Installing: /home/nidhi/Abhiyaan/parallel_parking/install/parking/share/ament_index/resource_index/packages/parking
[0.921s] -- Installing: /home/nidhi/Abhiyaan/parallel_parking/install/parking/share/parking/cmake/parkingConfig.cmake
[0.921s] -- Installing: /home/nidhi/Abhiyaan/parallel_parking/install/parking/share/parking/cmake/parkingConfig-version.cmake
[0.921s] -- Installing: /home/nidhi/Abhiyaan/parallel_parking/install/parking/share/parking/package.xml
[0.924s] Invoked command in '/home/nidhi/Abhiyaan/parallel_parking/build/parking' returned '0': CMAKE_PREFIX_PATH=/opt/ros/humble /usr/bin/cmake --install /home/nidhi/Abhiyaan/parallel_parking/build/parking
