-- Found ament_cmake: 1.3.10 (/opt/ros/humble/share/ament_cmake/cmake)
-- Found rclpy: 3.3.14 (/opt/ros/humble/share/rclpy/cmake)
-- Found sensor_msgs: 4.2.4 (/opt/ros/humble/share/sensor_msgs/cmake)
-- Found rosidl_generator_c: 3.1.5 (/opt/ros/humble/share/rosidl_generator_c/cmake)
-- Found rosidl_adapter: 3.1.5 (/opt/ros/humble/share/rosidl_adapter/cmake)
-- Found rosidl_generator_cpp: 3.1.5 (/opt/ros/humble/share/rosidl_generator_cpp/cmake)
-- Using all available rosidl_typesupport_c: rosidl_typesupport_fastrtps_c;rosidl_typesupport_introspection_c
-- Using all available rosidl_typesupport_cpp: rosidl_typesupport_fastrtps_cpp;rosidl_typesupport_introspection_cpp
-- Found nav_msgs: 4.2.4 (/opt/ros/humble/share/nav_msgs/cmake)
-- Found tf2_ros: 0.25.8 (/opt/ros/humble/share/tf2_ros/cmake)
-- Found rmw_implementation_cmake: 6.1.2 (/opt/ros/humble/share/rmw_implementation_cmake/cmake)
-- Found rmw_cyclonedds_cpp: 1.3.4 (/opt/ros/humble/share/rmw_cyclonedds_cpp/cmake)
-- Using RMW implementation 'rmw_cyclonedds_cpp' as default
-- Found tf2_geometry_msgs: 0.25.8 (/opt/ros/humble/share/tf2_geometry_msgs/cmake)
-- Found eigen3_cmake_module: 0.1.1 (/opt/ros/humble/share/eigen3_cmake_module/cmake)
-- Ensuring Eigen3 include directory is part of orocos-kdl CMake target
-- Found cv_bridge: 3.2.1 (/opt/ros/humble/share/cv_bridge/cmake)
-- Configuring done
-- Generating done
-- Build files have been written to: /home/nidhi/Abhiyaan/parallel_parking/build/parking
-- Install configuration: ""
-- Installing: /home/nidhi/Abhiyaan/parallel_parking/install/parking/lib/parking/lidar_park.py
-- Installing: /home/nidhi/Abhiyaan/parallel_parking/install/parking/lib/parking/main.py
-- Installing: /home/nidhi/Abhiyaan/parallel_parking/install/parking/lib/parking/pullin.py
-- Installing: /home/nidhi/Abhiyaan/parallel_parking/install/parking/lib/parking/pullout.py
-- Up-to-date: /home/nidhi/Abhiyaan/parallel_parking/install/parking/share/ament_index/resource_index/package_run_dependencies/parking
-- Up-to-date: /home/nidhi/Abhiyaan/parallel_parking/install/parking/share/ament_index/resource_index/parent_prefix_path/parking
-- Up-to-date: /home/nidhi/Abhiyaan/parallel_parking/install/parking/share/parking/environment/ament_prefix_path.sh
-- Installing: /home/nidhi/Abhiyaan/parallel_parking/install/parking/share/parking/environment/ament_prefix_path.dsv
-- Up-to-date: /home/nidhi/Abhiyaan/parallel_parking/install/parking/share/parking/environment/path.sh
-- Installing: /home/nidhi/Abhiyaan/parallel_parking/install/parking/share/parking/environment/path.dsv
-- Up-to-date: /home/nidhi/Abhiyaan/parallel_parking/install/parking/share/parking/local_setup.bash
-- Installing: /home/nidhi/Abhiyaan/parallel_parking/install/parking/share/parking/local_setup.sh
-- Up-to-date: /home/nidhi/Abhiyaan/parallel_parking/install/parking/share/parking/local_setup.zsh
-- Installing: /home/nidhi/Abhiyaan/parallel_parking/install/parking/share/parking/local_setup.dsv
-- Installing: /home/nidhi/Abhiyaan/parallel_parking/install/parking/share/parking/package.dsv
-- Up-to-date: /home/nidhi/Abhiyaan/parallel_parking/install/parking/share/ament_index/resource_index/packages/parking
-- Up-to-date: /home/nidhi/Abhiyaan/parallel_parking/install/parking/share/parking/cmake/parkingConfig.cmake
-- Up-to-date: /home/nidhi/Abhiyaan/parallel_parking/install/parking/share/parking/cmake/parkingConfig-version.cmake
-- Up-to-date: /home/nidhi/Abhiyaan/parallel_parking/install/parking/share/parking/package.xml
