[0.011s] Invoking command in '/home/nidhi/Abhiyaan/parallel_parking/build/parking': CMAKE_PREFIX_PATH=/opt/ros/humble /usr/bin/cmake --build /home/nidhi/Abhiyaan/parallel_parking/build/parking -- -j16 -l16
[0.043s] -- Found ament_cmake: 1.3.10 (/opt/ros/humble/share/ament_cmake/cmake)
[0.196s] -- Found rclpy: 3.3.14 (/opt/ros/humble/share/rclpy/cmake)
[0.197s] -- Found sensor_msgs: 4.2.4 (/opt/ros/humble/share/sensor_msgs/cmake)
[0.228s] -- Found rosidl_generator_c: 3.1.5 (/opt/ros/humble/share/rosidl_generator_c/cmake)
[0.230s] -- Found rosidl_adapter: 3.1.5 (/opt/ros/humble/share/rosidl_adapter/cmake)
[0.237s] -- Found rosidl_generator_cpp: 3.1.5 (/opt/ros/humble/share/rosidl_generator_cpp/cmake)
[0.248s] -- Using all available rosidl_typesupport_c: rosidl_typesupport_fastrtps_c;rosidl_typesupport_introspection_c
[0.261s] -- Using all available rosidl_typesupport_cpp: rosidl_typesupport_fastrtps_cpp;rosidl_typesupport_introspection_cpp
[0.319s] -- Found nav_msgs: 4.2.4 (/opt/ros/humble/share/nav_msgs/cmake)
[0.337s] -- Found tf2_ros: 0.25.8 (/opt/ros/humble/share/tf2_ros/cmake)
[0.388s] -- Found rmw_implementation_cmake: 6.1.2 (/opt/ros/humble/share/rmw_implementation_cmake/cmake)
[0.389s] -- Found rmw_cyclonedds_cpp: 1.3.4 (/opt/ros/humble/share/rmw_cyclonedds_cpp/cmake)
[0.408s] -- Using RMW implementation 'rmw_cyclonedds_cpp' as default
[0.516s] -- Found tf2_geometry_msgs: 0.25.8 (/opt/ros/humble/share/tf2_geometry_msgs/cmake)
[0.519s] -- Found eigen3_cmake_module: 0.1.1 (/opt/ros/humble/share/eigen3_cmake_module/cmake)
[0.521s] -- Ensuring Eigen3 include directory is part of orocos-kdl CMake target
[0.522s] -- Found cv_bridge: 3.2.1 (/opt/ros/humble/share/cv_bridge/cmake)
[0.671s] -- Configuring done
[0.675s] -- Generating done
[0.676s] -- Build files have been written to: /home/nidhi/Abhiyaan/parallel_parking/build/parking
[0.712s] Invoked command in '/home/nidhi/Abhiyaan/parallel_parking/build/parking' returned '0': CMAKE_PREFIX_PATH=/opt/ros/humble /usr/bin/cmake --build /home/nidhi/Abhiyaan/parallel_parking/build/parking -- -j16 -l16
[0.758s] Invoking command in '/home/nidhi/Abhiyaan/parallel_parking/build/parking': CMAKE_PREFIX_PATH=/opt/ros/humble /usr/bin/cmake --install /home/nidhi/Abhiyaan/parallel_parking/build/parking
[0.768s] -- Install configuration: ""
[0.769s] -- Installing: /home/nidhi/Abhiyaan/parallel_parking/install/parking/lib/parking/lidar_park.py
[0.769s] -- Installing: /home/nidhi/Abhiyaan/parallel_parking/install/parking/lib/parking/main.py
[0.769s] -- Installing: /home/nidhi/Abhiyaan/parallel_parking/install/parking/lib/parking/pullin.py
[0.769s] -- Installing: /home/nidhi/Abhiyaan/parallel_parking/install/parking/lib/parking/pullout.py
[0.769s] -- Up-to-date: /home/nidhi/Abhiyaan/parallel_parking/install/parking/share/ament_index/resource_index/package_run_dependencies/parking
[0.769s] -- Up-to-date: /home/nidhi/Abhiyaan/parallel_parking/install/parking/share/ament_index/resource_index/parent_prefix_path/parking
[0.769s] -- Up-to-date: /home/nidhi/Abhiyaan/parallel_parking/install/parking/share/parking/environment/ament_prefix_path.sh
[0.769s] -- Installing: /home/nidhi/Abhiyaan/parallel_parking/install/parking/share/parking/environment/ament_prefix_path.dsv
[0.769s] -- Up-to-date: /home/nidhi/Abhiyaan/parallel_parking/install/parking/share/parking/environment/path.sh
[0.769s] -- Installing: /home/nidhi/Abhiyaan/parallel_parking/install/parking/share/parking/environment/path.dsv
[0.769s] -- Up-to-date: /home/nidhi/Abhiyaan/parallel_parking/install/parking/share/parking/local_setup.bash
[0.770s] -- Installing: /home/nidhi/Abhiyaan/parallel_parking/install/parking/share/parking/local_setup.sh
[0.770s] -- Up-to-date: /home/nidhi/Abhiyaan/parallel_parking/install/parking/share/parking/local_setup.zsh
[0.770s] -- Installing: /home/nidhi/Abhiyaan/parallel_parking/install/parking/share/parking/local_setup.dsv
[0.770s] -- Installing: /home/nidhi/Abhiyaan/parallel_parking/install/parking/share/parking/package.dsv
[0.770s] -- Up-to-date: /home/nidhi/Abhiyaan/parallel_parking/install/parking/share/ament_index/resource_index/packages/parking
[0.770s] -- Up-to-date: /home/nidhi/Abhiyaan/parallel_parking/install/parking/share/parking/cmake/parkingConfig.cmake
[0.770s] -- Up-to-date: /home/nidhi/Abhiyaan/parallel_parking/install/parking/share/parking/cmake/parkingConfig-version.cmake
[0.770s] -- Up-to-date: /home/nidhi/Abhiyaan/parallel_parking/install/parking/share/parking/package.xml
[0.772s] Invoked command in '/home/nidhi/Abhiyaan/parallel_parking/build/parking' returned '0': CMAKE_PREFIX_PATH=/opt/ros/humble /usr/bin/cmake --install /home/nidhi/Abhiyaan/parallel_parking/build/parking
