[0.012s] Invoking command in '/home/nidhi/Abhiyaan/parallel_parking/build/parking': CMAKE_PREFIX_PATH=/opt/ros/humble /usr/bin/cmake --build /home/nidhi/Abhiyaan/parallel_parking/build/parking -- -j16 -l16
[0.042s] -- Found ament_cmake: 1.3.10 (/opt/ros/humble/share/ament_cmake/cmake)
[0.194s] -- Found rclpy: 3.3.14 (/opt/ros/humble/share/rclpy/cmake)
[0.196s] -- Found sensor_msgs: 4.2.4 (/opt/ros/humble/share/sensor_msgs/cmake)
[0.254s] -- Found rosidl_generator_c: 3.1.5 (/opt/ros/humble/share/rosidl_generator_c/cmake)
[0.261s] -- Found rosidl_adapter: 3.1.5 (/opt/ros/humble/share/rosidl_adapter/cmake)
[0.279s] -- Found rosidl_generator_cpp: 3.1.5 (/opt/ros/humble/share/rosidl_generator_cpp/cmake)
[0.305s] -- Using all available rosidl_typesupport_c: rosidl_typesupport_fastrtps_c;rosidl_typesupport_introspection_c
[0.333s] -- Using all available rosidl_typesupport_cpp: rosidl_typesupport_fastrtps_cpp;rosidl_typesupport_introspection_cpp
[0.409s] -- Found nav_msgs: 4.2.4 (/opt/ros/humble/share/nav_msgs/cmake)
[0.432s] -- Found tf2_ros: 0.25.8 (/opt/ros/humble/share/tf2_ros/cmake)
[0.527s] -- Found rmw_implementation_cmake: 6.1.2 (/opt/ros/humble/share/rmw_implementation_cmake/cmake)
[0.532s] -- Found rmw_cyclonedds_cpp: 1.3.4 (/opt/ros/humble/share/rmw_cyclonedds_cpp/cmake)
[0.577s] -- Using RMW implementation 'rmw_cyclonedds_cpp' as default
[0.593s] -- Looking for pthread.h
[0.708s] -- Looking for pthread.h - found
[0.708s] -- Performing Test CMAKE_HAVE_LIBC_PTHREAD
[0.811s] -- Performing Test CMAKE_HAVE_LIBC_PTHREAD - Success
[0.812s] -- Found Threads: TRUE  
[0.979s] -- Found tf2_geometry_msgs: 0.25.8 (/opt/ros/humble/share/tf2_geometry_msgs/cmake)
[0.997s] -- Found eigen3_cmake_module: 0.1.1 (/opt/ros/humble/share/eigen3_cmake_module/cmake)
[0.999s] -- Found Eigen3: TRUE (found version "3.4.0") 
[0.999s] -- Ensuring Eigen3 include directory is part of orocos-kdl CMake target
[1.013s] [31mCMake Error at CMakeLists.txt:18 (find_package):
[1.013s]   By not providing "Findtf_transformations.cmake" in CMAKE_MODULE_PATH this
[1.013s]   project has asked CMake to find a package configuration file provided by
[1.013s]   "tf_transformations", but CMake did not find one.
[1.013s] 
[1.013s]   Could not find a package configuration file provided by
[1.013s]   "tf_transformations" with any of the following names:
[1.013s] 
[1.013s]     tf_transformationsConfig.cmake
[1.014s]     tf_transformations-config.cmake
[1.014s] 
[1.014s]   Add the installation prefix of "tf_transformations" to CMAKE_PREFIX_PATH or
[1.014s]   set "tf_transformations_DIR" to a directory containing one of the above
[1.014s]   files.  If "tf_transformations" provides a separate development package or
[1.014s]   SDK, be sure it has been installed.
[1.014s] 
[1.014s] [0m
[1.014s] -- Configuring incomplete, errors occurred!
[1.014s] See also "/home/nidhi/Abhiyaan/parallel_parking/build/parking/CMakeFiles/CMakeOutput.log".
[1.020s] gmake: *** [Makefile:226: cmake_check_build_system] Error 1
[1.023s] Invoked command in '/home/nidhi/Abhiyaan/parallel_parking/build/parking' returned '2': CMAKE_PREFIX_PATH=/opt/ros/humble /usr/bin/cmake --build /home/nidhi/Abhiyaan/parallel_parking/build/parking -- -j16 -l16
