[0.012s] Invoking command in '/home/nidhi/Abhiyaan/parallel_parking/build/parking': CMAKE_PREFIX_PATH=/opt/ros/humble /usr/bin/cmake --build /home/nidhi/Abhiyaan/parallel_parking/build/parking -- -j16 -l16
[0.041s] -- Found ament_cmake: 1.3.10 (/opt/ros/humble/share/ament_cmake/cmake)
[0.198s] -- Found rclpy: 3.3.14 (/opt/ros/humble/share/rclpy/cmake)
[0.198s] -- Found sensor_msgs: 4.2.4 (/opt/ros/humble/share/sensor_msgs/cmake)
[0.229s] -- Found rosidl_generator_c: 3.1.5 (/opt/ros/humble/share/rosidl_generator_c/cmake)
[0.232s] -- Found rosidl_adapter: 3.1.5 (/opt/ros/humble/share/rosidl_adapter/cmake)
[0.239s] -- Found rosidl_generator_cpp: 3.1.5 (/opt/ros/humble/share/rosidl_generator_cpp/cmake)
[0.249s] -- Using all available rosidl_typesupport_c: rosidl_typesupport_fastrtps_c;rosidl_typesupport_introspection_c
[0.262s] -- Using all available rosidl_typesupport_cpp: rosidl_typesupport_fastrtps_cpp;rosidl_typesupport_introspection_cpp
[0.321s] -- Found nav_msgs: 4.2.4 (/opt/ros/humble/share/nav_msgs/cmake)
[0.339s] -- Found tf2_ros: 0.25.8 (/opt/ros/humble/share/tf2_ros/cmake)
[0.390s] -- Found rmw_implementation_cmake: 6.1.2 (/opt/ros/humble/share/rmw_implementation_cmake/cmake)
[0.391s] -- Found rmw_cyclonedds_cpp: 1.3.4 (/opt/ros/humble/share/rmw_cyclonedds_cpp/cmake)
[0.411s] -- Using RMW implementation 'rmw_cyclonedds_cpp' as default
[0.519s] -- Found tf2_geometry_msgs: 0.25.8 (/opt/ros/humble/share/tf2_geometry_msgs/cmake)
[0.522s] -- Found eigen3_cmake_module: 0.1.1 (/opt/ros/humble/share/eigen3_cmake_module/cmake)
[0.523s] -- Ensuring Eigen3 include directory is part of orocos-kdl CMake target
[0.539s] -- Found cv_bridge: 3.2.1 (/opt/ros/humble/share/cv_bridge/cmake)
[0.659s] [31mCMake Error at /opt/ros/humble/share/ament_cmake_python/cmake/ament_python_install_package.cmake:39 (_ament_cmake_python_install_package):
[0.659s]   _ament_cmake_python_install_package Function invoked with incorrect
[0.659s]   arguments for function named: _ament_cmake_python_install_package
[0.659s] Call Stack (most recent call first):
[0.659s]   CMakeLists.txt:33 (ament_python_install_package)
[0.659s] 
[0.659s] [0m
[0.734s] -- Configuring incomplete, errors occurred!
[0.734s] See also "/home/nidhi/Abhiyaan/parallel_parking/build/parking/CMakeFiles/CMakeOutput.log".
[0.743s] gmake: *** [Makefile:226: cmake_check_build_system] Error 1
[0.747s] Invoked command in '/home/nidhi/Abhiyaan/parallel_parking/build/parking' returned '2': CMAKE_PREFIX_PATH=/opt/ros/humble /usr/bin/cmake --build /home/nidhi/Abhiyaan/parallel_parking/build/parking -- -j16 -l16
